[    0.000000] Initializing cgroup subsys cpuset
[    0.000000] Initializing cgroup subsys cpu
[    0.000000] Initializing cgroup subsys cpuacct
[    0.000000] Linux version 4.4.0-177-generic (buildd@lgw01-amd64-035) (gcc version 5.4.0 20160609 (Ubuntu 5.4.0-6ubuntu1~16.04.12) ) #207-Ubuntu SMP Mon Mar 16 01:16:10 UTC 2020 (Ubuntu 4.4.0-177.207-generic 4.4.214)
[    0.000000] Command line: BOOT_IMAGE=/boot/vmlinuz-4.4.0-177-generic root=LABEL=cloudimg-rootfs ro console=tty1 console=ttyS0
[    0.000000] KERNEL supported cpus:
[    0.000000]   Intel GenuineIntel
[    0.000000]   AMD AuthenticAMD
[    0.000000]   Centaur CentaurHauls
[    0.000000] x86/fpu: xstate_offset[2]:  576, xstate_sizes[2]:  256
[    0.000000] x86/fpu: Supporting XSAVE feature 0x01: 'x87 floating point registers'
[    0.000000] x86/fpu: Supporting XSAVE feature 0x02: 'SSE registers'
[    0.000000] x86/fpu: Supporting XSAVE feature 0x04: 'AVX registers'
[    0.000000] x86/fpu: Enabled xstate features 0x7, context size is 832 bytes, using 'standard' format.
[    0.000000] e820: BIOS-provided physical RAM map:
[    0.000000] BIOS-e820: [mem 0x0000000000000000-0x000000000009fbff] usable
[    0.000000] BIOS-e820: [mem 0x000000000009fc00-0x000000000009ffff] reserved
[    0.000000] BIOS-e820: [mem 0x00000000000f0000-0x00000000000fffff] reserved
[    0.000000] BIOS-e820: [mem 0x0000000000100000-0x000000003ffeffff] usable
[    0.000000] BIOS-e820: [mem 0x000000003fff0000-0x000000003fffffff] ACPI data
[    0.000000] BIOS-e820: [mem 0x00000000fec00000-0x00000000fec00fff] reserved
[    0.000000] BIOS-e820: [mem 0x00000000fee00000-0x00000000fee00fff] reserved
[    0.000000] BIOS-e820: [mem 0x00000000fffc0000-0x00000000ffffffff] reserved
[    0.000000] NX (Execute Disable) protection: active
[    0.000000] SMBIOS 2.5 present.
[    0.000000] Hypervisor detected: KVM
[    0.000000] e820: last_pfn = 0x3fff0 max_arch_pfn = 0x400000000
[    0.000000] MTRR: Disabled
[    0.000000] x86/PAT: MTRRs disabled, skipping PAT initialization too.
[    0.000000] CPU MTRRs all blank - virtualized system.
[    0.000000] x86/PAT: Configuration [0-7]: WB  WT  UC- UC  WB  WT  UC- UC  
[    0.000000] found SMP MP-table at [mem 0x0009fff0-0x0009ffff] mapped at [ffff88000009fff0]
[    0.000000] Scanning 1 areas for low memory corruption
[    0.000000] RAMDISK: [mem 0x362e2000-0x37168fff]
[    0.000000] ACPI: Early table checksum verification disabled
[    0.000000] ACPI: RSDP 0x00000000000E0000 000024 (v02 VBOX  )
[    0.000000] ACPI: XSDT 0x000000003FFF0030 00003C (v01 VBOX   VBOXXSDT 00000001 ASL  00000061)
[    0.000000] ACPI: FACP 0x000000003FFF00F0 0000F4 (v04 VBOX   VBOXFACP 00000001 ASL  00000061)
[    0.000000] ACPI: DSDT 0x000000003FFF0470 002325 (v02 VBOX   VBOXBIOS 00000002 INTL 20100528)
[    0.000000] ACPI: FACS 0x000000003FFF0200 000040
[    0.000000] ACPI: FACS 0x000000003FFF0200 000040
[    0.000000] ACPI: APIC 0x000000003FFF0240 000054 (v02 VBOX   VBOXAPIC 00000001 ASL  00000061)
[    0.000000] ACPI: SSDT 0x000000003FFF02A0 0001CC (v01 VBOX   VBOXCPUT 00000002 INTL 20100528)
[    0.000000] No NUMA configuration found
[    0.000000] Faking a node at [mem 0x0000000000000000-0x000000003ffeffff]
[    0.000000] NODE_DATA(0) allocated [mem 0x3ffeb000-0x3ffeffff]
[    0.000000] kvm-clock: Using msrs 4b564d01 and 4b564d00
[    0.000000] kvm-clock: cpu 0, msr 0:3ffe3001, primary cpu clock
[    0.000000] kvm-clock: using sched offset of 3631914744 cycles
[    0.000000] clocksource: kvm-clock: mask: 0xffffffffffffffff max_cycles: 0x1cd42e4dffb, max_idle_ns: 881590591483 ns
[    0.000000] Zone ranges:
[    0.000000]   DMA      [mem 0x0000000000001000-0x0000000000ffffff]
[    0.000000]   DMA32    [mem 0x0000000001000000-0x000000003ffeffff]
[    0.000000]   Normal   empty
[    0.000000]   Device   empty
[    0.000000] Movable zone start for each node
[    0.000000] Early memory node ranges
[    0.000000]   node   0: [mem 0x0000000000001000-0x000000000009efff]
[    0.000000]   node   0: [mem 0x0000000000100000-0x000000003ffeffff]
[    0.000000] Initmem setup node 0 [mem 0x0000000000001000-0x000000003ffeffff]
[    0.000000] ACPI: PM-Timer IO Port: 0x4008
[    0.000000] IOAPIC[0]: apic_id 1, version 32, address 0xfec00000, GSI 0-23
[    0.000000] ACPI: INT_SRC_OVR (bus 0 bus_irq 0 global_irq 2 dfl dfl)
[    0.000000] ACPI: INT_SRC_OVR (bus 0 bus_irq 9 global_irq 9 low level)
[    0.000000] Using ACPI (MADT) for SMP configuration information
[    0.000000] smpboot: Allowing 1 CPUs, 0 hotplug CPUs
[    0.000000] PM: Registered nosave memory: [mem 0x00000000-0x00000fff]
[    0.000000] PM: Registered nosave memory: [mem 0x0009f000-0x0009ffff]
[    0.000000] PM: Registered nosave memory: [mem 0x000a0000-0x000effff]
[    0.000000] PM: Registered nosave memory: [mem 0x000f0000-0x000fffff]
[    0.000000] e820: [mem 0x40000000-0xfebfffff] available for PCI devices
[    0.000000] Booting paravirtualized kernel on KVM
[    0.000000] clocksource: refined-jiffies: mask: 0xffffffff max_cycles: 0xffffffff, max_idle_ns: 7645519600211568 ns
[    0.000000] setup_percpu: NR_CPUS:512 nr_cpumask_bits:512 nr_cpu_ids:1 nr_node_ids:1
[    0.000000] PERCPU: Embedded 33 pages/cpu @ffff88003fc00000 s95448 r8192 d31528 u2097152
[    0.000000] Built 1 zonelists in Node order, mobility grouping on.  Total pages: 257912
[    0.000000] Policy zone: DMA32
[    0.000000] Kernel command line: BOOT_IMAGE=/boot/vmlinuz-4.4.0-177-generic root=LABEL=cloudimg-rootfs ro console=tty1 console=ttyS0
[    0.000000] PID hash table entries: 4096 (order: 3, 32768 bytes)
[    0.000000] Memory: 997808K/1048120K available (8626K kernel code, 1336K rwdata, 4036K rodata, 1488K init, 1292K bss, 50312K reserved, 0K cma-reserved)
[    0.000000] SLUB: HWalign=64, Order=0-3, MinObjects=0, CPUs=1, Nodes=1
[    0.000000] Kernel/User page tables isolation: enabled
[    0.000000] Hierarchical RCU implementation.
[    0.000000] 	Build-time adjustment of leaf fanout to 64.
[    0.000000] 	RCU restricting CPUs from NR_CPUS=512 to nr_cpu_ids=1.
[    0.000000] RCU: Adjusting geometry for rcu_fanout_leaf=64, nr_cpu_ids=1
[    0.000000] NR_IRQS:33024 nr_irqs:256 16
[    0.000000] Console: colour VGA+ 80x25
[    0.000000] console [tty1] enabled
[    0.000000] console [ttyS0] enabled
[    0.000000] tsc: Detected 2807.998 MHz processor
[    0.126624] Calibrating delay loop (skipped) preset value.. 5615.99 BogoMIPS (lpj=11231992)
[    0.128169] pid_max: default: 32768 minimum: 301
[    0.129585] ACPI: Core revision 20150930
[    0.131063] ACPI: 2 ACPI AML tables successfully acquired and loaded
[    0.132472] Security Framework initialized
[    0.133316] Yama: becoming mindful.
[    0.134036] AppArmor: AppArmor initialized
[    0.134800] Dentry cache hash table entries: 131072 (order: 8, 1048576 bytes)
[    0.137790] Inode-cache hash table entries: 65536 (order: 7, 524288 bytes)
[    0.139171] Mount-cache hash table entries: 2048 (order: 2, 16384 bytes)
[    0.140349] Mountpoint-cache hash table entries: 2048 (order: 2, 16384 bytes)
[    0.141629] Initializing cgroup subsys io
[    0.142332] Initializing cgroup subsys memory
[    0.143106] Initializing cgroup subsys devices
[    0.143884] Initializing cgroup subsys freezer
[    0.144680] Initializing cgroup subsys net_cls
[    0.145463] Initializing cgroup subsys perf_event
[    0.146367] Initializing cgroup subsys net_prio
[    0.147462] Initializing cgroup subsys hugetlb
[    0.148314] Initializing cgroup subsys pids
[    0.150042] mce: CPU supports 0 MCE banks
[    0.150803] process: using mwait in idle threads
[    0.151605] Last level iTLB entries: 4KB 64, 2MB 8, 4MB 8
[    0.152505] Last level dTLB entries: 4KB 64, 2MB 0, 4MB 0, 1GB 4
[    0.153485] Spectre V1 : Mitigation: usercopy/swapgs barriers and __user pointer sanitization
[    0.154952] Spectre V2 : Mitigation: Full generic retpoline
[    0.155830] Spectre V2 : Spectre v2 / SpectreRSB mitigation: Filling RSB on context switch
[    0.157181] Speculative Store Bypass: Vulnerable
[    0.157993] MDS: Mitigation: Clear CPU buffers
[    0.177832] Freeing SMP alternatives memory: 36K
[    0.184517] ftrace: allocating 32304 entries in 127 pages
[    0.233992] smpboot: APIC(0) Converting physical 0 to logical package 0
[    0.235429] smpboot: Max logical packages: 1
[    0.236497] x2apic enabled
[    0.237222] Switched APIC routing to physical x2apic.
[    0.239011] ..TIMER: vector=0x30 apic1=0 pin1=2 apic2=-1 pin2=-1
[    0.348503] smpboot: CPU0: Intel(R) Core(TM) i7-8569U CPU @ 2.80GHz (family: 0x6, model: 0x8e, stepping: 0xa)
[    0.350384] Performance Events: unsupported p6 CPU model 142 no PMU driver, software events only.
[    0.359642] KVM setup paravirtual spinlock
[    0.361433] x86: Booted up 1 node, 1 CPUs
[    0.362187] smpboot: Total of 1 processors activated (5615.99 BogoMIPS)
[    0.363471] devtmpfs: initialized
[    0.365438] evm: security.selinux
[    0.366186] evm: security.SMACK64
[    0.366795] evm: security.SMACK64EXEC
[    0.367465] evm: security.SMACK64TRANSMUTE
[    0.368178] evm: security.SMACK64MMAP
[    0.368947] evm: security.ima
[    0.369572] evm: security.capability
[    0.370287] clocksource: jiffies: mask: 0xffffffff max_cycles: 0xffffffff, max_idle_ns: 7645041785100000 ns
[    0.371877] futex hash table entries: 256 (order: 2, 16384 bytes)
[    0.372895] pinctrl core: initialized pinctrl subsystem
[    0.374623] RTC time: 16:35:30, date: 04/17/20
[    0.375478] NET: Registered protocol family 16
[    0.376334] cpuidle: using governor ladder
[    0.377120] cpuidle: using governor menu
[    0.377813] PCCT header not found.
[    0.378595] ACPI: bus type PCI registered
[    0.379850] acpiphp: ACPI Hot Plug PCI Controller Driver version: 0.5
[    0.380953] PCI: Using configuration type 1 for base access
[    0.382942] ACPI: Added _OSI(Module Device)
[    0.383686] ACPI: Added _OSI(Processor Device)
[    0.384474] ACPI: Added _OSI(3.0 _SCP Extensions)
[    0.385276] ACPI: Added _OSI(Processor Aggregator Device)
[    0.386652] ACPI: Executed 1 blocks of module-level executable AML code
[    0.389053] ACPI: Interpreter enabled
[    0.390011] ACPI: (supports S0 S5)
[    0.391022] ACPI: Using IOAPIC for interrupt routing
[    0.392289] PCI: Using host bridge windows from ACPI; if necessary, use "pci=nocrs" and report a bug
[    0.396773] ACPI: PCI Root Bridge [PCI0] (domain 0000 [bus 00-ff])
[    0.397830] acpi PNP0A03:00: _OSC: OS supports [ASPM ClockPM Segments MSI]
[    0.399218] acpi PNP0A03:00: _OSC: not requesting OS control; OS requires [ExtendedConfig ASPM ClockPM MSI]
[    0.401250] acpi PNP0A03:00: fail to add MMCONFIG information, can't access extended PCI configuration space under this bridge.
[    0.403535] PCI host bridge to bus 0000:00
[    0.404364] pci_bus 0000:00: root bus resource [io  0x0000-0x0cf7 window]
[    0.405503] pci_bus 0000:00: root bus resource [io  0x0d00-0xffff window]
[    0.406592] pci_bus 0000:00: root bus resource [mem 0x000a0000-0x000bffff window]
[    0.407900] pci_bus 0000:00: root bus resource [mem 0x40000000-0xfdffffff window]
[    0.409232] pci_bus 0000:00: root bus resource [bus 00-ff]
[    0.411935] pci 0000:00:01.1: legacy IDE quirk: reg 0x10: [io  0x01f0-0x01f7]
[    0.413089] pci 0000:00:01.1: legacy IDE quirk: reg 0x14: [io  0x03f6]
[    0.414138] pci 0000:00:01.1: legacy IDE quirk: reg 0x18: [io  0x0170-0x0177]
[    0.415424] pci 0000:00:01.1: legacy IDE quirk: reg 0x1c: [io  0x0376]
[    0.426027] pci 0000:00:07.0: quirk: [io  0x4000-0x403f] claimed by PIIX4 ACPI
[    0.433883] pci 0000:00:07.0: quirk: [io  0x4100-0x410f] claimed by PIIX4 SMB
[    0.445154] ACPI: PCI Interrupt Link [LNKA] (IRQs 5 9 10 *11)
[    0.447219] ACPI: PCI Interrupt Link [LNKB] (IRQs 5 9 *10 11)
[    0.448757] ACPI: PCI Interrupt Link [LNKC] (IRQs 5 *9 10 11)
[    0.450181] ACPI: PCI Interrupt Link [LNKD] (IRQs 5 9 10 *11)
[    0.452104] ACPI: Enabled 2 GPEs in block 00 to 07
[    0.453163] vgaarb: setting as boot device: PCI:0000:00:02.0
[    0.454179] vgaarb: device added: PCI:0000:00:02.0,decodes=io+mem,owns=io+mem,locks=none
[    0.455569] vgaarb: loaded
[    0.456122] vgaarb: bridge control possible 0000:00:02.0
[    0.457170] SCSI subsystem initialized
[    0.457923] ACPI: bus type USB registered
[    0.458747] usbcore: registered new interface driver usbfs
[    0.459806] usbcore: registered new interface driver hub
[    0.460734] usbcore: registered new device driver usb
[    0.462136] PCI: Using ACPI for IRQ routing
[    0.463609] NetLabel: Initializing
[    0.464330] NetLabel:  domain hash size = 128
[    0.465116] NetLabel:  protocols = UNLABELED CIPSOv4
[    0.466051] NetLabel:  unlabeled traffic allowed by default
[    0.467115] amd_nb: Cannot enumerate AMD northbridges
[    0.468183] clocksource: Switched to clocksource kvm-clock
[    0.475536] AppArmor: AppArmor Filesystem Enabled
[    0.476458] pnp: PnP ACPI init
[    0.477932] pnp: PnP ACPI: found 3 devices
[    0.485737] clocksource: acpi_pm: mask: 0xffffff max_cycles: 0xffffff, max_idle_ns: 2085701024 ns
[    0.487300] NET: Registered protocol family 2
[    0.488282] TCP established hash table entries: 8192 (order: 4, 65536 bytes)
[    0.489638] TCP bind hash table entries: 8192 (order: 5, 131072 bytes)
[    0.490733] TCP: Hash tables configured (established 8192 bind 8192)
[    0.491806] UDP hash table entries: 512 (order: 2, 16384 bytes)
[    0.492903] UDP-Lite hash table entries: 512 (order: 2, 16384 bytes)
[    0.494363] NET: Registered protocol family 1
[    0.495252] pci 0000:00:00.0: Limiting direct PCI/PCI transfers
[    0.496263] pci 0000:00:01.0: Activating ISA DMA hang workarounds
[    0.497526] Unpacking initramfs...
[    0.686861] Freeing initrd memory: 14876K
[    0.687801] clocksource: tsc: mask: 0xffffffffffffffff max_cycles: 0x2879c456dd4, max_idle_ns: 440795285767 ns
[    0.691088] platform rtc_cmos: registered platform RTC device (no PNP device found)
[    0.692740] Scanning for low memory corruption every 60 seconds
[    0.695456] audit: initializing netlink subsys (disabled)
[    0.696388] audit: type=2000 audit(1587141335.338:1): initialized
[    0.697617] Initialise system trusted keyring
[    0.698448] HugeTLB registered 2 MB page size, pre-allocated 0 pages
[    0.700349] zbud: loaded
[    0.701433] VFS: Disk quotas dquot_6.6.0
[    0.702228] VFS: Dquot-cache hash table entries: 512 (order 0, 4096 bytes)
[    0.703469] squashfs: version 4.0 (2009/01/31) Phillip Lougher
[    0.704614] fuse init (API version 7.23)
[    0.705398] Key type big_key registered
[    0.706098] Allocating IMA MOK and blacklist keyrings.
[    0.707095] Key type asymmetric registered
[    0.707852] Asymmetric key parser 'x509' registered
[    0.708736] Block layer SCSI generic (bsg) driver version 0.4 loaded (major 249)
[    0.710064] io scheduler noop registered
[    0.710767] io scheduler deadline registered (default)
[    0.711717] io scheduler cfq registered
[    0.712506] pci_hotplug: PCI Hot Plug PCI Core version: 0.5
[    0.713440] pciehp: PCI Express Hot Plug Controller Driver version: 0.4
[    0.714767] ACPI: AC Adapter [AC] (off-line)
[    0.715549] input: Power Button as /devices/LNXSYSTM:00/LNXPWRBN:00/input/input0
[    0.716875] ACPI: Power Button [PWRF]
[    0.717600] input: Sleep Button as /devices/LNXSYSTM:00/LNXSLPBN:00/input/input1
[    0.719466] ACPI: Sleep Button [SLPF]
[    0.720976] ACPI: Battery Slot [BAT0] (battery present)
[    0.721862] GHES: HEST is not enabled!
[    0.722686] Serial: 8250/16550 driver, 32 ports, IRQ sharing enabled
[    0.744343] 00:02: ttyS0 at I/O 0x3f8 (irq = 4, base_baud = 115200) is a 16550A
[    0.747211] Linux agpgart interface v0.103
[    0.748931] loop: module loaded
[    0.749916] scsi host0: ata_piix
[    0.750677] scsi host1: ata_piix
[    0.751357] ata1: PATA max UDMA/33 cmd 0x1f0 ctl 0x3f6 bmdma 0xd000 irq 14
[    0.752771] ata2: PATA max UDMA/33 cmd 0x170 ctl 0x376 bmdma 0xd008 irq 15
[    0.754425] libphy: Fixed MDIO Bus: probed
[    0.755148] tun: Universal TUN/TAP device driver, 1.6
[    0.756044] tun: (C) 1999-2004 Max Krasnyansky <maxk@qualcomm.com>
[    0.757061] PPP generic driver version 2.4.2
[    0.757975] ehci_hcd: USB 2.0 'Enhanced' Host Controller (EHCI) Driver
[    0.759028] ehci-pci: EHCI PCI platform driver
[    0.759827] ehci-platform: EHCI generic platform driver
[    0.760823] ohci_hcd: USB 1.1 'Open' Host Controller (OHCI) Driver
[    0.762268] ohci-pci: OHCI PCI platform driver
[    0.763140] ohci-platform: OHCI generic platform driver
[    0.764015] uhci_hcd: USB Universal Host Controller Interface driver
[    0.765104] i8042: PNP: PS/2 Controller [PNP0303:PS2K,PNP0f03:PS2M] at 0x60,0x64 irq 1,12
[    0.766890] serio: i8042 KBD port at 0x60,0x64 irq 1
[    0.767761] serio: i8042 AUX port at 0x60,0x64 irq 12
[    0.768754] mousedev: PS/2 mouse device common for all mice
[    0.769867] input: AT Translated Set 2 keyboard as /devices/platform/i8042/serio0/input/input2
[    0.771688] rtc_cmos rtc_cmos: rtc core: registered rtc_cmos as rtc0
[    0.772969] rtc_cmos rtc_cmos: alarms up to one day, 114 bytes nvram
[    0.774206] i2c /dev entries driver
[    0.775082] device-mapper: uevent: version 1.0.3
[    0.776060] device-mapper: ioctl: 4.34.0-ioctl (2015-10-28) initialised: dm-devel@redhat.com
[    0.777726] ledtrig-cpu: registered to indicate activity on CPUs
[    0.778891] NET: Registered protocol family 10
[    0.779892] NET: Registered protocol family 17
[    0.780998] Key type dns_resolver registered
[    0.782007] registered taskstats version 1
[    0.782885] Loading compiled-in X.509 certificates
[    0.784178] Loaded X.509 cert 'Build time autogenerated kernel key: a048edf52b07f04005c7780de0f875c713550332'
[    0.785971] zswap: loaded using pool lzo/zbud
[    0.787844] Key type trusted registered
[    0.790388] Key type encrypted registered
[    0.791180] AppArmor: AppArmor sha1 policy hashing enabled
[    0.792207] ima: No TPM chip found, activating TPM-bypass!
[    0.793264] ima: Allocated hash algorithm: sha1
[    0.794191] evm: HMAC attrs: 0x1
[    0.795187]   Magic number: 0:990:590
[    0.796752] rtc_cmos rtc_cmos: setting system clock to 2020-04-17 16:35:30 UTC (1587141330)
[    0.798869] BIOS EDD facility v0.16 2004-Jun-25, 0 devices found
[    0.800054] EDD information not available.
[    0.932262] Freeing unused kernel memory: 1488K
[    0.933495] Write protecting the kernel read-only data: 14336k
[    0.935672] Freeing unused kernel memory: 1604K
[    0.937686] Freeing unused kernel memory: 60K
Loading, please wait...
starting version 229
[    0.948682] random: udevadm: uninitialized urandom read (16 bytes read, 3 bits of entropy available)
[    0.950373] random: udevadm: uninitialized urandom read (16 bytes read, 3 bits of entropy available)
[    0.952865] random: systemd-udevd: uninitialized urandom read (16 bytes read, 3 bits of entropy available)
[    0.954772] random: systemd-udevd: uninitialized urandom read (16 bytes read, 3 bits of entropy available)
[    0.956518] random: systemd-udevd: uninitialized urandom read (16 bytes read, 3 bits of entropy available)
[    0.958903] random: systemd-udevd: uninitialized urandom read (16 bytes read, 3 bits of entropy available)
[    0.965064] random: systemd-udevd: uninitialized urandom read (16 bytes read, 3 bits of entropy available)
[    0.967100] random: systemd-udevd: uninitialized urandom read (16 bytes read, 3 bits of entropy available)
[    0.970540] random: systemd-udevd: uninitialized urandom read (16 bytes read, 3 bits of entropy available)
[    0.973949] random: udevadm: uninitialized urandom read (16 bytes read, 3 bits of entropy available)
[    1.023230] e1000: Intel(R) PRO/1000 Network Driver - version 7.3.21-k8-NAPI
[    1.024495] e1000: Copyright (c) 1999-2006 Intel Corporation.
[    1.028730] Fusion MPT base driver 3.04.20
[    1.029971] Copyright (c) 1999-2008 LSI Corporation
[    1.044009] Fusion MPT SPI Host driver 3.04.20
[    1.066065] AVX2 version of gcm_enc/dec engaged.
[    1.066944] AES CTR mode by8 optimization enabled
[    1.239869] input: ImExPS/2 Generic Explorer Mouse as /devices/platform/i8042/serio1/input/input4
[    1.413833] e1000 0000:00:03.0 eth0: (PCI:33MHz:32-bit) 02:ba:b8:ca:39:a3
[    1.415006] e1000 0000:00:03.0 eth0: Intel(R) PRO/1000 Network Connection
[    1.416580] mptbase: ioc0: Initiating bringup
[    1.480369] ioc0: LSI53C1030 A0: Capabilities={Initiator}
[    1.642352] scsi host2: ioc0: LSI53C1030 A0, FwRev=00000000h, Ports=1, MaxQ=256, IRQ=20
[    1.753867] scsi 2:0:0:0: Direct-Access     VBOX     HARDDISK         1.0  PQ: 0 ANSI: 5
[    1.755995] scsi target2:0:0: Beginning Domain Validation
[    1.758432] scsi target2:0:0: Domain Validation skipping write tests
[    1.759951] scsi target2:0:0: Ending Domain Validation
[    1.761294] scsi target2:0:0: asynchronous
[    1.762884] scsi 2:0:1:0: Direct-Access     VBOX     HARDDISK         1.0  PQ: 0 ANSI: 5
[    1.765066] scsi target2:0:1: Beginning Domain Validation
[    1.768059] scsi target2:0:1: Domain Validation skipping write tests
[    1.769522] scsi target2:0:1: Ending Domain Validation
[    1.770633] scsi target2:0:1: asynchronous
[    1.775058] sd 2:0:0:0: Attached scsi generic sg0 type 0
[    1.776225] sd 2:0:0:0: [sda] 20971520 512-byte logical blocks: (10.7 GB/10.0 GiB)
[    1.788531] sd 2:0:1:0: Attached scsi generic sg1 type 0
[    1.789558] sd 2:0:1:0: [sdb] 20480 512-byte logical blocks: (10.5 MB/10.0 MiB)
[    1.791241] sd 2:0:1:0: [sdb] Write Protect is off
[    1.792169] sd 2:0:1:0: [sdb] Incomplete mode parameter data
[    1.793176] sd 2:0:1:0: [sdb] Assuming drive cache: write through
[    1.808833] sd 2:0:0:0: [sda] Write Protect is off
[    1.814026] sd 2:0:0:0: [sda] Incomplete mode parameter data
[    1.815281] sd 2:0:0:0: [sda] Assuming drive cache: write through
[    1.825743] sd 2:0:1:0: [sdb] Attached SCSI disk
[    1.835181]  sda: sda1
[    1.853557] sd 2:0:0:0: [sda] Attached SCSI disk
[    2.153985] e1000 0000:00:08.0 eth1: (PCI:33MHz:32-bit) 08:00:27:5d:6e:44
[    2.155304] e1000 0000:00:08.0 eth1: Intel(R) PRO/1000 Network Connection
[    2.157396] e1000 0000:00:08.0 enp0s8: renamed from eth1
[    2.159502] e1000 0000:00:03.0 enp0s3: renamed from eth0
Begin: Loading essential drivers ... [    3.366588] md: linear personality registered for level -1
[    3.369417] md: multipath personality registered for level -4
[    3.372249] md: raid0 personality registered for level 0
[    3.376572] md: raid1 personality registered for level 1
[    3.449353] raid6: sse2x1   gen() 14184 MB/s
[    3.516693] raid6: sse2x1   xor() 10239 MB/s
[    3.585104] raid6: sse2x2   gen() 16992 MB/s
[    3.652532] raid6: sse2x2   xor() 11448 MB/s
[    3.724110] raid6: sse2x4   gen() 21452 MB/s
[    3.792698] raid6: sse2x4   xor() 13525 MB/s
[    3.864258] raid6: avx2x1   gen() 25338 MB/s
[    3.939089] raid6: avx2x2   gen() 32321 MB/s
[    4.013700] raid6: avx2x4   gen() 38495 MB/s
[    4.014618] raid6: using algorithm avx2x4 gen() 38495 MB/s
[    4.015605] raid6: using avx2x2 recovery algorithm
[    4.018026] xor: automatically using best checksumming function:
[    4.056642]    avx       : 34162.000 MB/sec
[    4.059158] async_tx: api initialized (async)
[    4.069497] md: raid6 personality registered for level 6
[    4.070520] md: raid5 personality registered for level 5
[    4.071425] md: raid4 personality registered for level 4
[    4.081362] md: raid10 personality registered for level 10
done.
Begin: Running /scripts/init-premount ... done.
Begin: Mounting root file system ... Begin: Running /scripts/local-top ... done.
Begin: Running /scripts/local-premount ... [    4.109711] Btrfs loaded
Scanning for Btrfs filesystems
done.
Warning: fsck not present, so skipping root file system
[    4.133094] EXT4-fs (sda1): mounted filesystem with ordered data mode. Opts: (null)
done.
Begin: Running /scripts/local-bottom ... done.
Begin: Running /scripts/init-bottom ... done.
[    4.213319] systemd[1]: systemd 229 running in system mode. (+PAM +AUDIT +SELINUX +IMA +APPARMOR +SMACK +SYSVINIT +UTMP +LIBCRYPTSETUP +GCRYPT +GNUTLS +ACL +XZ -LZ4 +SECCOMP +BLKID +ELFUTILS +KMOD -IDN)
[    4.216563] systemd[1]: Detected virtualization oracle.
[    4.217557] systemd[1]: Detected architecture x86-64.

Welcome to [1mUbuntu 16.04.6 LTS[0m!

[    4.221987] systemd[1]: Set hostname to <ubuntu>.
[    4.226924] systemd[1]: Initializing machine ID from random generator.
[    4.228250] systemd[1]: Installed transient /etc/machine-id file.
[    4.331043] systemd[1]: Created slice System Slice.
[[0;32m  OK  [0m] Created slice System Slice.
[    4.332874] systemd[1]: Started Forward Password Requests to Wall Directory Watch.
[[0;32m  OK  [0m] Started Forward Password Requests to Wall Directory Watch.
[    4.335610] systemd[1]: Listening on Journal Socket.
[[0;32m  OK  [0m] Listening on Journal Socket.
[    4.338865] systemd[1]: Starting Load Kernel Modules...
         Starting Load Kernel Modules...
[    4.341018] systemd[1]: Starting Set console keymap...
         Starting Set console keymap...
[    4.343843] systemd[1]: Starting Create list of required static device nodes for the current kernel...
         Starting Create list of required st... nodes for the current kernel...
[    4.351669] systemd[1]: Listening on /dev/initctl Compatibility Named Pipe.
[[0;32m  OK  [0m] Listening on /dev/initctl Compatibility Named Pipe.
[    4.358486] Loading iSCSI transport class v2.0-870.
[    4.359415] systemd[1]: Reached target Swap.
[[0;32m  OK  [0m] Reached target Swap.
[    4.361690] systemd[1]: Starting Nameserver information manager...
         Starting Nameserver information manager...
[    4.365190] systemd[1]: Starting Remount Root and Kernel File Systems...
         Starting Remount Root and Kernel File Systems...
[    4.370741] systemd[1]: Listening on LVM2 poll daemon socket.
[[0;32m  OK  [0m] Listening on LVM2 poll daemon socket.
[    4.375008] systemd[1]: Created slice system-serial\x2dgetty.slice.
[    4.377920] EXT4-fs (sda1): re-mounted. Opts: (null)
[[0;32m  OK  [0m] Created slice system-serial\x2dgetty.slice.
[    4.380255] systemd[1]: Listening on Journal Audit Socket.
[[0;32m  OK  [0m] Listening on Journal Audit Socket.
[    4.384363] systemd[1]: Listening on udev Control Socket.
[[0;32m  OK  [0m] Listening on udev Control Socket.
[    4.386327] systemd[1]: Created slice User and Session Slice.
[[0;32m  OK  [0m] Created slice User and Session Slice.
[    4.390553] iscsi: registered transport (tcp)
[    4.391401] systemd[1]: Reached target Encrypted Volumes.
[[0;32m  OK  [0m] Reached target Encrypted Volumes.
[    4.396366] systemd[1]: Listening on Journal Socket (/dev/log).
[[0;32m  OK  [0m] Listening on Journal Socket (/dev/log).
[    4.398680] systemd[1]: Mounting Huge Pages File System...
         Mounting Huge Pages File System...
[    4.401786] systemd[1]: Reached target Slices.
[[0;32m  OK  [0m] Reached target Slices.
[    4.405603] systemd[1]: Mounting Debug File System...
         Mounting Debug File System...
[    4.413086] systemd[1]: Mounting POSIX Message Queue File System...
         Mounting POSIX Message Queue File System...
[    4.415302] systemd[1]: Reached target User and Group Name Lookups.
[[0;32m  OK  [0m] Reached target User and Group Name Lookups.
[    4.418998] systemd[1]: Started Trigger resolvconf update for networkd DNS.
[[0;32m  OK  [0m] Started Trigger resolvconf update for networkd DNS.
[    4.425923] systemd[1]: Listening on Device-mapper event daemon FIFOs.
[[0;32m  OK  [0m] Listening on Device-mapper event daemon FIFOs.
[    4.431778] systemd[1]: Set up automount Arbitrary Executable File Formats File System Automount Point.
[[0;32m  OK  [0m] Set up automount Arbitrary Executab...ats File System Automount Point.
[    4.438004] systemd[1]: Reached target System Time Synchronized.
[[0;32m  OK  [0m] Reached target System Time Synchronized.
[    4.442111] systemd[1]: Starting Uncomplicated firewall...
         Starting Uncomplicated firewall...
[    4.444278] systemd[1]: Listening on udev Kernel Socket.
[[0;32m  OK  [0m] Listening on udev Kernel Socket.
[    4.453579] iscsi: registered transport (iser)
[    4.456571] systemd[1]: Listening on Syslog Socket.
[[0;32m  OK  [0m] Listening on Syslog Socket.
[    4.459003] systemd[1]: Starting Journal Service...
         Starting Journal Service...
[    4.460864] systemd[1]: Listening on LVM2 metadata daemon socket.
[[0;32m  OK  [0m] Listening on LVM2 metadata daemon socket.
[    4.463585] systemd[1]: Starting Monitoring of LVM2 mirrors, snapshots etc. using dmeventd or progress polling...
         Starting Monitoring of LVM2 mirrors... dmeventd or progress polling...
[    4.469622] systemd[1]: Mounted Huge Pages File System.
[[0;32m  OK  [0m] Mounted Huge Pages File System.
[    4.471895] systemd[1]: Mounted Debug File System.
[[0;32m  OK  [0m] Mounted Debug File System.
[    4.476722] systemd[1]: Mounted POSIX Message Queue File System.
[[0;32m  OK  [0m] Mounted POSIX Message Queue File System.
[    4.483762] systemd[1]: Started Load Kernel Modules.
[[0;32m  OK  [0m] Started Load Kernel Modules.
[    4.490148] systemd[1]: Started Set console keymap.
[[0;32m  OK  [0m] Started Set console keymap.
[    4.492139] systemd[1]: Started Create list of required static device nodes for the current kernel.
[[0;32m  OK  [0m] Started Create list of required sta...ce nodes for the current kernel.
[    4.495459] systemd[1]: Started Remount Root and Kernel File Systems.
[[0;32m  OK  [0m] Started Remount Root and Kernel File Systems.
[    4.499543] systemd[1]: Started Uncomplicated firewall.
[[0;32m  OK  [0m] Started Uncomplicated firewall.
[    4.509191] systemd[1]: Started Nameserver information manager.
[[0;32m  OK  [0m] Started Nameserver information manager.
[    4.514369] systemd[1]: Started Journal Service.
[[0;32m  OK  [0m] Started Journal Service.
[[0;32m  OK  [0m] Started LVM2 metadata daemon.
         Starting Flush Journal to Persistent Storage...
         Starting udev Coldplug all Devices...
         Starting Load/Save Random Seed...
         Starting Create Static Device Nodes in /dev...
         Starting Apply Kernel Variables...
         Mounting FUSE Control File System...
[    4.556365] systemd-journald[416]: Received request to flush runtime journal from PID 1
[[0;32m  OK  [0m] Mounted FUSE Control File System.
[[0;32m  OK  [0m] Started Flush Journal to Persistent Storage.
[[0;32m  OK  [0m] Started Load/Save Random Seed.
[[0;32m  OK  [0m] Started Apply Kernel Variables.
[[0;32m  OK  [0m] Started Create Static Device Nodes in /dev.
         Starting udev Kernel Device Manager...
[[0;32m  OK  [0m] Started udev Kernel Device Manager.
[[0;32m  OK  [0m] Started udev Coldplug all Devices.
[[0;32m  OK  [0m] Started Dispatch Password Requests to Console Directory Watch.
[[0;32m  OK  [0m] Found device /dev/ttyS0.
[[0;32m  OK  [0m] Listening on Load/Save RF Kill Switch Status /dev/rfkill Watch.
[[0;32m  OK  [0m] Started Monitoring of LVM2 mirrors,...ng dmeventd or progress polling.
[[0;32m  OK  [0m] Reached target Local File Systems (Pre).
[[0;32m  OK  [0m] Reached target Local File Systems.
         Starting Commit a transient machine-id on disk...
         Starting LSB: AppArmor initialization...
         Starting Tell Plymouth To Write Out Runtime Data...
         Starting Create Volatile Files and Directories...
         Starting Set console font and keymap...
         Starting Initial cloud-init job (pre-networking)...
[[0;32m  OK  [0m] Started Commit a transient machine-id on disk.
[[0;32m  OK  [0m] Started Tell Plymouth To Write Out Runtime Data.
[[0;32m  OK  [0m] Started Create Volatile Files and Directories.
         Starting Update UTMP about System Boot/Shutdown...
[[0;32m  OK  [0m] Started Update UTMP about System Boot/Shutdown.
[    6.396904] cloud-init[642]: Cloud-init v. 19.4-33-gbb4131a2-0ubuntu1~16.04.1 running 'init-local' at Fri, 17 Apr 2020 16:35:35 +0000. Up 5.94 seconds.
[[0;32m  OK  [0m] Started Set console font and keymap.
[[0;32m  OK  [0m] Created slice system-getty.slice.
[[0;32m  OK  [0m] Started Initial cloud-init job (pre-networking).
[[0;32m  OK  [0m] Reached target Network (Pre).
[[0;32m  OK  [0m] Started LSB: AppArmor initialization.
         Starting Raise network interfaces...
[[0;32m  OK  [0m] Started Raise network interfaces.
         Starting Initial cloud-init job (metadata service crawler)...
[[0;32m  OK  [0m] Reached target Network.
[    7.311123] cloud-init[979]: Cloud-init v. 19.4-33-gbb4131a2-0ubuntu1~16.04.1 running 'init' at Fri, 17 Apr 2020 16:35:36 +0000. Up 6.88 seconds.
[    7.321118] cloud-init[979]: ci-info: ++++++++++++++++++++++++++++++++++++++Net device info+++++++++++++++++++++++++++++++++++++++
[    7.323433] cloud-init[979]: ci-info: +--------+-------+----------------------------+---------------+--------+-------------------+
[    7.328238] cloud-init[979]: ci-info: | Device |   Up  |          Address           |      Mask     | Scope  |     Hw-Address    |
[    7.332200] cloud-init[979]: ci-info: +--------+-------+----------------------------+---------------+--------+-------------------+
[    7.336204] cloud-init[979]: ci-info: | enp0s3 |  True |         10.0.2.15          | 255.255.255.0 | global | 02:ba:b8:ca:39:a3 |
[    7.340328] cloud-init[979]: ci-info: | enp0s3 |  True | fe80::ba:b8ff:feca:39a3/64 |       .       |  link  | 02:ba:b8:ca:39:a3 |
[    7.341919] cloud-init[979]: ci-info: | enp0s8 | False |             .              |       .       |   .    | 08:00:27:5d:6e:44 |
[    7.348294] cloud-init[979]: ci-info: |   lo   |  True |         127.0.0.1          |   255.0.0.0   |  host  |         .         |
[    7.349800] cloud-init[979]: ci-info: |   lo   |  True |          ::1/128           |       .       |  host  |         .         |
[    7.352135] cloud-init[979]: ci-info: +--------+-------+----------------------------+---------------+--------+-------------------+
[    7.356204] cloud-init[979]: ci-info: +++++++++++++++++++++++++++Route IPv4 info++++++++++++++++++++++++++++
[    7.360191] cloud-init[979]: ci-info: +-------+-------------+----------+---------------+-----------+-------+
[    7.361663] cloud-init[979]: ci-info: | Route | Destination | Gateway  |    Genmask    | Interface | Flags |
[    7.368224] cloud-init[979]: ci-info: +-------+-------------+----------+---------------+-----------+-------+
[    7.369939] cloud-init[979]: ci-info: |   0   |   0.0.0.0   | 10.0.2.2 |    0.0.0.0    |   enp0s3  |   UG  |
[    7.372298] cloud-init[979]: ci-info: |   1   |   10.0.2.0  | 0.0.0.0  | 255.255.255.0 |   enp0s3  |   U   |
[    7.376311] cloud-init[979]: ci-info: +-------+-------------+----------+---------------+-----------+-------+
[    7.378453] cloud-init[979]: ci-info: +++++++++++++++++++Route IPv6 info+++++++++++++++++++
[    7.379468] cloud-init[979]: ci-info: +-------+-------------+---------+-----------+-------+
[    7.380565] cloud-init[979]: ci-info: | Route | Destination | Gateway | Interface | Flags |
[    7.389121] cloud-init[979]: ci-info: +-------+-------------+---------+-----------+-------+
[[0;32m  OK  [0m] Started Initial cloud-init job (metadata service crawler).
[[0;32m  OK  [0m] Reached target System Initialization.
[[0;32m  OK  [0m] Started Daily apt download activities.
[    7.392794] cloud-init[979]: ci-info: |   0   |  fe80::/64  |    ::   |   enp0s3  |   U   |
[    7.398559] cloud-init[979]: ci-info: |   3   |   ff00::/8  |    ::   |   enp0s3  |   U   |
[    7.404784] cloud-init[979]: ci-info: +-------+-------------+---------+-----------+-------+
[    7.412861] cloud-init[979]: Generating public/private rsa key pair.
[[0;32m  OK  [0m] Started Daily Cleanup of Temporary Directories.
[    7.423552] cloud-init[979]: Your identification has been saved in /etc/ssh/ssh_host_rsa_key.
[    7.425968] cloud-init[979]: Your public key has been saved in /etc/ssh/ssh_host_rsa_key.pub.
[    7.426874] cloud-init[979]: The key fingerprint is:
[    7.427644] cloud-init         Starting LXD - unix socket.
[[0;32m  OK  [0m] Started Message of the Day.
[[0;32m  OK  [0m] Listening on D-Bus System Message Bus Socket.
[[0;32m  OK  [0m] Started Daily apt upgrade and clean activities.
[[0;32m  OK  [0m] Reached target Timers.
[[0;32m  OK  [0m] Listening on UUID daemon activation socket.
         Starting Socket activation for snappy daemon.
[979]: SHA256:gbmPhwjsPDMTzhSqj2bMl/wd+aokL1Z91I/VLvGcpWw root@ubuntu-xenial
[    7.432760] cloud-init[979]: The key's randomart image is:
[    7.433816] cloud-init[979]: +---[RSA 2048]----+
[[0;32m  OK  [0m] Started ACPI Events Check.
[    7.435935] cloud-init[979]: |                 |
[[0;32m  OK  [0m] Reached target Paths.
[    7.437839] cloud-init[979]: |       o         |
[[0;32m  OK  [0m] Listening on ACPID Listen Socket.
[    7.439634] cloud-init[979]: |  .   o . .   .  |
[[0;32m  OK  [0m] Reached target Cloud-config availability.
[    7.441589] cloud-init[979]: | o .   . o . o ..|
[[0;32m  OK  [0m] Reached target Network is Online.
[    7.443353] cloud-init[979]: |. =   o S   +.=.o|         Starting iSCSI initiator daemon (iscsid)...
[[0;32m  OK  [0m] Listening on LXD - unix socket.
[[0;32m  OK  [0m] Listening on Socket activation for snappy daemon.
[[0;32m  OK  [0m] Reached target Sockets.
[[0;32m  OK  [0m] Reached target Basic System.
[    7.448369] cloud-init[979]: |.* o o =.. . oE= |
[    7.448959] cloud-init[979]: |+ @.+.oo+    ..  |
[    7.448994] cloud-init[979]: | B @+ ..o        |
[    7.449067] cloud-init[979]: |+ + o+.o..       |
[    7.449141] cloud-init[979]: +----[SHA256]-----+
[    7.449172] cloud-init[979]: Generating public/private dsa key pair.
[    7.449280] cloud-init[979]: Your identification has been saved in /etc/ssh/ssh_host_dsa_key.
[    7.449394] cloud-init[979]: Your public key has been saved in /etc/ssh/ssh_host_dsa_key.pub.
[    7.449500] cloud-init[979]: The key fingerprint is:

         Starting System Logging Service...
[    7.456922] cloud-init[[0;32m  OK  [0m] Started ACPI event daemon.
[979]: [[0;32m  OK  [0m] Started Regular background program processing daemon.
         Starting LSB: MD monitoring daemon...SHA256:lkbOGuk7on+j9Vx4JFSa88eBXngfo7g0L/Jo6EFVE4M root@ubuntu-xenial

         Starting Accounts Service...
         Starting Virtualbox guest utils...
[[0;32m  OK  [0m] Started FUSE filesystem for LXC.
[[0;32m  OK  [0m] Started D-Bus System Message Bus.
[    7.503020] cloud-init[979]: The key's randomart image is:
[    7.505723] cloud-init[979]: +---[DSA 1024]----+
[    7.507977] cloud-init[979]: |         .*.     |
[    7.509443] cloud-init[979]: |        E= =     |
[    7.510550] cloud-init[979]: |        B o + o  |
[    7.511746] cloud-init[979]: |       B = = + o |
[    7.512994] cloud-init         Starting LSB: Record successful boot for GRUB...
[[0;32m  OK  [0m] Started Deferred execution scheduler.
[979]: |      + S B + .  |         Starting Pollinate to seed the pseudo random number generator...
         Starting Login Service...
         Starting Snappy daemon...
         Starting /etc/rc.local Compatibility...
         Starting LXD - container startup/shutdown...
[[0;32m  OK  [0m] Started System Logging Service.
[[0;32m  OK  [0m] Started /etc/rc.local Compatibility.
[[0;32m  OK  [0m] Started iSCSI initiator daemon (iscsid).
         Starting Login to default iSCSI targets...
[[0;32m  OK  [0m] Started Login Service.
[[0;32m  OK  [0m] Started Unattended Upgrades Shutdown.
[[0;32m  OK  [0m] Started Login to default iSCSI targets.
[[0;32m  OK  [0m] Reached target Remote File Systems (Pre).
[[0;32m  OK  [0m] Reached target Remote File Systems.
         Starting Permit User Sessions...
         Starting LSB: automatic crash report generation...
         Starting LSB: daemon to balance interrupts for SMP systems...
         Starting LSB: Set the CPU Frequency Scaling governor to "ondemand"...
[[0;32m  OK  [0m] Started Permit User Sessions.
         
Starting Terminate Plymouth Boot Screen...
         Starting Hold until boot process finishes up...
         Starting Authenticate and Authorize Users to Run Privileged Tasks...
[[0;32m  OK  [0m] Started Hold until boot process finishes up.
[[0;32m  OK  [0m] Started Terminate Plymouth Boot Screen.
[[0;32m  OK  [0m] Started Serial Getty on ttyS0.
         Starting Set console scheme...
[[0;32m  OK  [0m] Started Getty on tty1.
[[0;32m  OK  [0m] Reached target Login Prompts.
[[0;32m  OK  [0m] Started Set console scheme.
[[0;32m  OK  [0m] Started LSB: Set the CPU Frequency Scaling governor to "ondemand".
[    7.639150] cloud-init[979]: |     o = = =     |
[    7.675341] cloud-init[979]: |      =.o = .    |[[0;32m  OK  [0m] Started LSB: MD monitoring daemon.
[[0;32m  OK  [0m] Started LSB: daemon to balance interrupts for SMP systems.
[[0;32m  OK  [0m] Started Authenticate and Authorize Users to Run Privileged Tasks.

[[0;32m  OK  [0m] Started Accounts Service.
[    7.691823] [[0;32m  OK  [0m] Started LSB: automatic crash report generation.
cloud-init[979]: |    ..==.* .     |
[    7.703469] cloud-init[979]: |  .oo=o++ .      |
[    7.710663] [[0;32m  OK  [0m] Started LSB: Record successful boot for GRUB.
cloud-init[979]: +----[SHA256]-----+
[    7.718413] cloud-init[979]: Generating public/private ecdsa key pair.
[    7.727926] cloud-init[979]: Your identification has been saved in /etc/ssh/ssh_host_ecdsa_key.
[    7.737520] cloud-init[979]: Your public key has been saved in /etc/ssh/ssh_host_ecdsa_key.pub.
[    7.743030] cloud-init[979]: The key fingerprint is:[[0;32m  OK  [0m] Started LXD - container startup/shutdown.

[    7.752686] cloud-init[979]: SHA256:CGttQ0nVO/0MMylN2GBL+qTFwDfTv2LpuLHffBjMUwY root@ubuntu-xenial
[    7.761988] cloud-init[979]: The key's randomart image is:
[    7.774704] cloud-init[979]: +---[ECDSA 256]---+
[    7.775288] cloud-init[979]: |      .oo.+=     |
[    7.775950] cloud-init[979]: |     . ..**.+ E  |
[    7.777230] cloud-init[979]: |    . o ..=B o . |
[    7.779817] cloud-init[979]: |     = . =+ B . o|
[    7.785027] cloud-init[979]: |    o = S .o X + |
[    7.790359] cloud-init[979]: |   . . .    + O  |
[    7.795833] cloud-init[979]: |          .+ . + |
[    7.801790] cloud-init[979]: |          .o.o. .|
[[0;32m  OK  [0m] Started Virtualbox guest utils.
[    7.808635] cloud-init[979]: |          oo. o. |
[    7.815508] cloud-init[979]: +----[SHA256]-----+
[    7.825403] cloud-init[979]: Generating public/private ed25519 key pair.
[    7.826960] cloud-init[979]: Your identification has been saved in /etc/ssh/ssh_host_ed25519_key.
[    7.830207] cloud-init[979]: Your public key has been saved in /etc/ssh/ssh_host_ed25519_key.pub.
[    7.833103] cloud-init[979]: The key fingerprint is:
[    7.840844] cloud-init[979]: SHA256:P0mS3ngO7FCpPzM3VzINviCNx32kGOBW+n75Lj7wEg0 root@ubuntu-xenial
[    7.843551] cloud-init[979]: The key's randomart image is:
[    7.852345] cloud-init[979]: +--[ED25519 256]--+
[    7.855917] cloud-init[979]: |                 |
[    7.857078] cloud-init[979]: |        . .      |
[    7.861358] cloud-init[979]: |       . +       |
[    7.869670] cloud-init[979]: |        +oE . .  |
[    7.877188] cloud-init[979]: |       .S=.B =   |
[    7.880036] cloud-init[979]: |       =o*X.B +  |
[    7.883802] cloud-init[979]: |      o =+*= B   |
[    7.898462] cloud-init[979]: |       +++=.O    |
[    7.908235] cloud-init[979]: |        o=.*.=o  |
[    7.909561] cloud-init[979]: +----[SHA256]-----+
[[0;32m  OK  [0m] Started Snappy daemon.
         Starting Wait until snapd is fully seeded...
[[0;32m  OK  [0m] Started Pollinate to seed the pseudo random number generator.
         Starting OpenBSD Secure Shell server...
[[0;32m  OK  [0m] Started OpenBSD Secure Shell server.
[[0;32m  OK  [0m] Started Wait until snapd is fully seeded.
[[0;32m  OK  [0m] Reached target Multi-User System.
[[0;32m  OK  [0m] Reached target Graphical Interface.
         Starting Update UTMP about System Runlevel Changes...
         Starting Apply the settings specified in cloud-config...
[[0;32m  OK  [0m] Started Update UTMP about System Runlevel Changes.
[   10.274700] cloud-init[1345]: Generating locales (this might take a while)...
[   10.863119] cloud-init[1345]:   en_US.UTF-8... done
[   10.864796] cloud-init[1345]: Generation complete.
[   11.073679] cloud-init[1345]: Cloud-init v. 19.4-33-gbb4131a2-0ubuntu1~16.04.1 running 'modules:config' at Fri, 17 Apr 2020 16:35:40 +0000. Up 10.20 seconds.
[[0;32m  OK  [0m] Started Apply the settings specified in cloud-config.
         Starting Execute cloud user/final scripts...
ci-info: no authorized SSH keys fingerprints found for user ubuntu.
<14>Apr 17 16:35:41 ec2: 
<14>Apr 17 16:35:41 ec2: #############################################################
<14>Apr 17 16:35:41 ec2: -----BEGIN SSH HOST KEY FINGERPRINTS-----
<14>Apr 17 16:35:41 ec2: 1024 SHA256:lkbOGuk7on+j9Vx4JFSa88eBXngfo7g0L/Jo6EFVE4M root@ubuntu-xenial (DSA)
<14>Apr 17 16:35:41 ec2: 256 SHA256:CGttQ0nVO/0MMylN2GBL+qTFwDfTv2LpuLHffBjMUwY root@ubuntu-xenial (ECDSA)
<14>Apr 17 16:35:41 ec2: 256 SHA256:P0mS3ngO7FCpPzM3VzINviCNx32kGOBW+n75Lj7wEg0 root@ubuntu-xenial (ED25519)
<14>Apr 17 16:35:41 ec2: 2048 SHA256:gbmPhwjsPDMTzhSqj2bMl/wd+aokL1Z91I/VLvGcpWw root@ubuntu-xenial (RSA)
<14>Apr 17 16:35:41 ec2: -----END SSH HOST KEY FINGERPRINTS-----
<14>Apr 17 16:35:41 ec2: #############################################################
-----BEGIN SSH HOST KEY KEYS-----
ecdsa-sha2-nistp256 AAAAE2VjZHNhLXNoYTItbmlzdHAyNTYAAAAIbmlzdHAyNTYAAABBBKOaBhnnXBsO3jRqqV4Eo2vOtsRtMTz9o1yQRiC6zUS2v7CBE2R4YvvXRILLwhPZLoMy3MgFQdNGjhWRfutbMZc= root@ubuntu-xenial
ssh-ed25519 AAAAC3NzaC1lZDI1NTE5AAAAIBLtqFpL5ANyxLZzqC6n5QjT2l+WCmctJhrfnRjqWrH0 root@ubuntu-xenial
ssh-rsa AAAAB3NzaC1yc2EAAAADAQABAAABAQCv2uQhD1dx+7rDsjRBjE/7Q+C/HyauX397q7mQA8WhaY2Izn9gbCyqUDxMWSUNSY7N7Dg3qqrj37Uo0zPY2DHy2TnYfXC5lcx4oKPF3EEBAFVvkyiLkagw6yArhW6bK9Ck5FbMtgfmLQFSHhQBKZiUKQcTNtgPdLIuUReSupHBCnLl37Re9Ob9aan0rG7CTxygLjj8ctppMwURSC1yAGgO1+XdP2rDZMfx+KWZPRG1yn3kXljJdRZdB12YYtceiz7RokAGBTCQ/AB7ik/C1T+KNtTPAyK0Ywv/Kr5KQBTen4/OpLWJUyNWID26vXLUClRbLctZCGUTSdAc5I6l1sSt root@ubuntu-xenial
-----END SSH HOST KEY KEYS-----
[   11.404803] cloud-init[1387]: Cloud-init v. 19.4-33-gbb4131a2-0ubuntu1~16.04.1 running 'modules:final' at Fri, 17 Apr 2020 16:35:41 +0000. Up 11.28 seconds.
[   11.406776] cloud-init[1387]: ci-info: no authorized SSH keys fingerprints found for user ubuntu.
[   11.407810] cloud-init[1387]: Cloud-init v. 19.4-33-gbb4131a2-0ubuntu1~16.04.1 finished at Fri, 17 Apr 2020 16:35:41 +0000. Datasource DataSourceNoCloud [seed=/dev/sdb][dsmode=net].  Up 11.39 seconds
[[0;32m  OK  [0m] Started Execute cloud user/final scripts.
[[0;32m  OK  [0m] Reached target Cloud-init target.

Ubuntu 16.04.6 LTS ubuntu-xenial ttyS0

ubuntu-xenial login: 